2018-01-04T08:21:10.931Z - error:  Error: ER_ACCESS_DENIED_ERROR: Access denied for user 'root'@'localhost' (using password: YES)
    at Handshake.Sequence._packetToError (C:\Ashish\projects\mean\node_modules\mysql\lib\protocol\sequences\Sequence.js:52:14)
    at Handshake.ErrorPacket (C:\Ashish\projects\mean\node_modules\mysql\lib\protocol\sequences\Handshake.js:130:18)
    at Protocol._parsePacket (C:\Ashish\projects\mean\node_modules\mysql\lib\protocol\Protocol.js:279:23)
    at Parser.write (C:\Ashish\projects\mean\node_modules\mysql\lib\protocol\Parser.js:76:12)
    at Protocol.write (C:\Ashish\projects\mean\node_modules\mysql\lib\protocol\Protocol.js:39:16)
    at Socket.<anonymous> (C:\Ashish\projects\mean\node_modules\mysql\lib\Connection.js:103:28)
    at emitOne (events.js:96:13)
    at Socket.emit (events.js:188:7)
    at readableAddChunk (_stream_readable.js:176:18)
    at Socket.Readable.push (_stream_readable.js:134:10)
    at TCP.onread (net.js:547:20)
    --------------------
    at Protocol._enqueue (C:\Ashish\projects\mean\node_modules\mysql\lib\protocol\Protocol.js:145:48)
    at Protocol.handshake (C:\Ashish\projects\mean\node_modules\mysql\lib\protocol\Protocol.js:52:23)
    at PoolConnection.connect (C:\Ashish\projects\mean\node_modules\mysql\lib\Connection.js:130:18)
    at Pool.getConnection (C:\Ashish\projects\mean\node_modules\mysql\lib\Pool.js:48:16)
    at Pool.query (C:\Ashish\projects\mean\node_modules\mysql\lib\Pool.js:202:8)
    at Object.userAuthDAO (C:\Ashish\projects\mean\routes\DAO\userDAO.js:11:24)
    at exports.authUser (C:\Ashish\projects\mean\routes\users.js:71:17)
    at Layer.handle [as handle_request] (C:\Ashish\projects\mean\node_modules\express\lib\router\layer.js:95:5)
    at next (C:\Ashish\projects\mean\node_modules\express\lib\router\route.js:137:13)
    at Route.dispatch (C:\Ashish\projects\mean\node_modules\express\lib\router\route.js:112:3)
    at Layer.handle [as handle_request] (C:\Ashish\projects\mean\node_modules\express\lib\router\layer.js:95:5)
    at C:\Ashish\projects\mean\node_modules\express\lib\router\index.js:281:22
    at Function.process_params (C:\Ashish\projects\mean\node_modules\express\lib\router\index.js:335:12)
    at next (C:\Ashish\projects\mean\node_modules\express\lib\router\index.js:275:10)
    at C:\Ashish\projects\mean\node_modules\express-validator\lib\express_validator.js:291:5
    at Layer.handle [as handle_request] (C:\Ashish\projects\mean\node_modules\express\lib\router\layer.js:95:5)
2018-01-04T08:21:19.112Z - error:  Error: ER_ACCESS_DENIED_ERROR: Access denied for user 'root'@'localhost' (using password: YES)
    at Handshake.Sequence._packetToError (C:\Ashish\projects\mean\node_modules\mysql\lib\protocol\sequences\Sequence.js:52:14)
    at Handshake.ErrorPacket (C:\Ashish\projects\mean\node_modules\mysql\lib\protocol\sequences\Handshake.js:130:18)
    at Protocol._parsePacket (C:\Ashish\projects\mean\node_modules\mysql\lib\protocol\Protocol.js:279:23)
    at Parser.write (C:\Ashish\projects\mean\node_modules\mysql\lib\protocol\Parser.js:76:12)
    at Protocol.write (C:\Ashish\projects\mean\node_modules\mysql\lib\protocol\Protocol.js:39:16)
    at Socket.<anonymous> (C:\Ashish\projects\mean\node_modules\mysql\lib\Connection.js:103:28)
    at emitOne (events.js:96:13)
    at Socket.emit (events.js:188:7)
    at readableAddChunk (_stream_readable.js:176:18)
    at Socket.Readable.push (_stream_readable.js:134:10)
    at TCP.onread (net.js:547:20)
    --------------------
    at Protocol._enqueue (C:\Ashish\projects\mean\node_modules\mysql\lib\protocol\Protocol.js:145:48)
    at Protocol.handshake (C:\Ashish\projects\mean\node_modules\mysql\lib\protocol\Protocol.js:52:23)
    at PoolConnection.connect (C:\Ashish\projects\mean\node_modules\mysql\lib\Connection.js:130:18)
    at Pool.getConnection (C:\Ashish\projects\mean\node_modules\mysql\lib\Pool.js:48:16)
    at Pool.query (C:\Ashish\projects\mean\node_modules\mysql\lib\Pool.js:202:8)
    at Object.userAuthDAO (C:\Ashish\projects\mean\routes\DAO\userDAO.js:11:24)
    at exports.authUser (C:\Ashish\projects\mean\routes\users.js:71:17)
    at Layer.handle [as handle_request] (C:\Ashish\projects\mean\node_modules\express\lib\router\layer.js:95:5)
    at next (C:\Ashish\projects\mean\node_modules\express\lib\router\route.js:137:13)
    at Route.dispatch (C:\Ashish\projects\mean\node_modules\express\lib\router\route.js:112:3)
    at Layer.handle [as handle_request] (C:\Ashish\projects\mean\node_modules\express\lib\router\layer.js:95:5)
    at C:\Ashish\projects\mean\node_modules\express\lib\router\index.js:281:22
    at Function.process_params (C:\Ashish\projects\mean\node_modules\express\lib\router\index.js:335:12)
    at next (C:\Ashish\projects\mean\node_modules\express\lib\router\index.js:275:10)
    at C:\Ashish\projects\mean\node_modules\express-validator\lib\express_validator.js:291:5
    at Layer.handle [as handle_request] (C:\Ashish\projects\mean\node_modules\express\lib\router\layer.js:95:5)
2018-01-04T08:21:46.440Z - error:  Error: ER_ACCESS_DENIED_ERROR: Access denied for user 'root'@'localhost' (using password: YES)
    at Handshake.Sequence._packetToError (C:\Ashish\projects\mean\node_modules\mysql\lib\protocol\sequences\Sequence.js:52:14)
    at Handshake.ErrorPacket (C:\Ashish\projects\mean\node_modules\mysql\lib\protocol\sequences\Handshake.js:130:18)
    at Protocol._parsePacket (C:\Ashish\projects\mean\node_modules\mysql\lib\protocol\Protocol.js:279:23)
    at Parser.write (C:\Ashish\projects\mean\node_modules\mysql\lib\protocol\Parser.js:76:12)
    at Protocol.write (C:\Ashish\projects\mean\node_modules\mysql\lib\protocol\Protocol.js:39:16)
    at Socket.<anonymous> (C:\Ashish\projects\mean\node_modules\mysql\lib\Connection.js:103:28)
    at emitOne (events.js:96:13)
    at Socket.emit (events.js:188:7)
    at readableAddChunk (_stream_readable.js:176:18)
    at Socket.Readable.push (_stream_readable.js:134:10)
    at TCP.onread (net.js:547:20)
    --------------------
    at Protocol._enqueue (C:\Ashish\projects\mean\node_modules\mysql\lib\protocol\Protocol.js:145:48)
    at Protocol.handshake (C:\Ashish\projects\mean\node_modules\mysql\lib\protocol\Protocol.js:52:23)
    at PoolConnection.connect (C:\Ashish\projects\mean\node_modules\mysql\lib\Connection.js:130:18)
    at Pool.getConnection (C:\Ashish\projects\mean\node_modules\mysql\lib\Pool.js:48:16)
    at Pool.query (C:\Ashish\projects\mean\node_modules\mysql\lib\Pool.js:202:8)
    at Object.userAuthDAO (C:\Ashish\projects\mean\routes\DAO\userDAO.js:11:24)
    at exports.authUser (C:\Ashish\projects\mean\routes\users.js:71:17)
    at Layer.handle [as handle_request] (C:\Ashish\projects\mean\node_modules\express\lib\router\layer.js:95:5)
    at next (C:\Ashish\projects\mean\node_modules\express\lib\router\route.js:137:13)
    at Route.dispatch (C:\Ashish\projects\mean\node_modules\express\lib\router\route.js:112:3)
    at Layer.handle [as handle_request] (C:\Ashish\projects\mean\node_modules\express\lib\router\layer.js:95:5)
    at C:\Ashish\projects\mean\node_modules\express\lib\router\index.js:281:22
    at Function.process_params (C:\Ashish\projects\mean\node_modules\express\lib\router\index.js:335:12)
    at next (C:\Ashish\projects\mean\node_modules\express\lib\router\index.js:275:10)
    at C:\Ashish\projects\mean\node_modules\express-validator\lib\express_validator.js:291:5
    at Layer.handle [as handle_request] (C:\Ashish\projects\mean\node_modules\express\lib\router\layer.js:95:5)
2018-01-04T08:21:58.816Z - error:  Error: ER_ACCESS_DENIED_ERROR: Access denied for user 'root'@'localhost' (using password: YES)
    at Handshake.Sequence._packetToError (C:\Ashish\projects\mean\node_modules\mysql\lib\protocol\sequences\Sequence.js:52:14)
    at Handshake.ErrorPacket (C:\Ashish\projects\mean\node_modules\mysql\lib\protocol\sequences\Handshake.js:130:18)
    at Protocol._parsePacket (C:\Ashish\projects\mean\node_modules\mysql\lib\protocol\Protocol.js:279:23)
    at Parser.write (C:\Ashish\projects\mean\node_modules\mysql\lib\protocol\Parser.js:76:12)
    at Protocol.write (C:\Ashish\projects\mean\node_modules\mysql\lib\protocol\Protocol.js:39:16)
    at Socket.<anonymous> (C:\Ashish\projects\mean\node_modules\mysql\lib\Connection.js:103:28)
    at emitOne (events.js:96:13)
    at Socket.emit (events.js:188:7)
    at readableAddChunk (_stream_readable.js:176:18)
    at Socket.Readable.push (_stream_readable.js:134:10)
    at TCP.onread (net.js:547:20)
    --------------------
    at Protocol._enqueue (C:\Ashish\projects\mean\node_modules\mysql\lib\protocol\Protocol.js:145:48)
    at Protocol.handshake (C:\Ashish\projects\mean\node_modules\mysql\lib\protocol\Protocol.js:52:23)
    at PoolConnection.connect (C:\Ashish\projects\mean\node_modules\mysql\lib\Connection.js:130:18)
    at Pool.getConnection (C:\Ashish\projects\mean\node_modules\mysql\lib\Pool.js:48:16)
    at Pool.query (C:\Ashish\projects\mean\node_modules\mysql\lib\Pool.js:202:8)
    at Object.userAuthDAO (C:\Ashish\projects\mean\routes\DAO\userDAO.js:11:24)
    at exports.authUser (C:\Ashish\projects\mean\routes\users.js:71:17)
    at Layer.handle [as handle_request] (C:\Ashish\projects\mean\node_modules\express\lib\router\layer.js:95:5)
    at next (C:\Ashish\projects\mean\node_modules\express\lib\router\route.js:137:13)
    at Route.dispatch (C:\Ashish\projects\mean\node_modules\express\lib\router\route.js:112:3)
    at Layer.handle [as handle_request] (C:\Ashish\projects\mean\node_modules\express\lib\router\layer.js:95:5)
    at C:\Ashish\projects\mean\node_modules\express\lib\router\index.js:281:22
    at Function.process_params (C:\Ashish\projects\mean\node_modules\express\lib\router\index.js:335:12)
    at next (C:\Ashish\projects\mean\node_modules\express\lib\router\index.js:275:10)
    at C:\Ashish\projects\mean\node_modules\express-validator\lib\express_validator.js:291:5
    at Layer.handle [as handle_request] (C:\Ashish\projects\mean\node_modules\express\lib\router\layer.js:95:5)
